<?xml version="1.0" encoding="UTF-8"?>
<testng-results skipped="0" failed="1" ignored="0" total="2" passed="1">
  <reporter-output>
  </reporter-output>
  <suite name="Suite" duration-ms="16453" started-at="2022-11-15T15:07:27Z" finished-at="2022-11-15T15:07:43Z">
    <groups>
      <group name="RegressionTest">
        <method signature="ActionsEx2.actionEx1()[pri:0, instance:com.testng.practice.ActionsEx2@24fcf36f]" name="actionEx1" class="com.testng.practice.ActionsEx2"/>
      </group> <!-- RegressionTest -->
    </groups>
    <test name="Test" duration-ms="16453" started-at="2022-11-15T15:07:27Z" finished-at="2022-11-15T15:07:43Z">
      <class name="com.testng.practice.ActionsEx2">
        <test-method status="PASS" signature="initializeReport()[pri:0, instance:com.testng.practice.ActionsEx2@24fcf36f]" name="initializeReport" is-config="true" duration-ms="301" started-at="2022-11-15T15:07:27Z" finished-at="2022-11-15T15:07:27Z">
          <reporter-output>
          </reporter-output>
        </test-method> <!-- initializeReport -->
        <test-method status="PASS" signature="launchBrowser(java.lang.String)[pri:0, instance:com.testng.practice.ActionsEx2@24fcf36f]" name="launchBrowser" is-config="true" duration-ms="6010" started-at="2022-11-15T15:07:27Z" finished-at="2022-11-15T15:07:33Z">
          <params>
            <param index="0">
              <value>
                <![CDATA[Chrome]]>
              </value>
            </param>
          </params>
          <reporter-output>
          </reporter-output>
        </test-method> <!-- launchBrowser -->
        <test-method status="FAIL" signature="actionEx1()[pri:0, instance:com.testng.practice.ActionsEx2@24fcf36f]" name="actionEx1" duration-ms="6948" started-at="2022-11-15T15:07:33Z" finished-at="2022-11-15T15:07:40Z">
          <exception class="org.openqa.selenium.ElementNotInteractableException">
            <message>
              <![CDATA[element not interactable: https://the-internet.herokuapp.com/jqueryui/menu# has no size and location
  (Session info: chrome=107.0.5304.107)
Build info: version: '3.141.59', revision: 'e82be7d358', time: '2018-11-14T08:17:03'
System info: host: 'DESKTOP-V39QH6A', ip: '192.168.0.110', os.name: 'Windows 10', os.arch: 'amd64', os.version: '10.0', java.version: '1.8.0_333'
Driver info: org.openqa.selenium.chrome.ChromeDriver
Capabilities {acceptInsecureCerts: false, browserName: chrome, browserVersion: 107.0.5304.107, chrome: {chromedriverVersion: 107.0.5304.62 (1eec40d3a576..., userDataDir: C:\Users\KRISHS~1\AppData\L...}, goog:chromeOptions: {debuggerAddress: localhost:64341}, javascriptEnabled: true, networkConnectionEnabled: false, pageLoadStrategy: normal, platform: WINDOWS, platformName: WINDOWS, proxy: Proxy(), setWindowRect: true, strictFileInteractability: false, timeouts: {implicit: 0, pageLoad: 300000, script: 30000}, unhandledPromptBehavior: dismiss and notify, webauthn:extension:credBlob: true, webauthn:extension:largeBlob: true, webauthn:virtualAuthenticators: true}
Session ID: 9946397a7cd0de3c555f94feba2f2169]]>
            </message>
            <full-stacktrace>
              <![CDATA[org.openqa.selenium.ElementNotInteractableException: element not interactable: https://the-internet.herokuapp.com/jqueryui/menu# has no size and location
  (Session info: chrome=107.0.5304.107)
Build info: version: '3.141.59', revision: 'e82be7d358', time: '2018-11-14T08:17:03'
System info: host: 'DESKTOP-V39QH6A', ip: '192.168.0.110', os.name: 'Windows 10', os.arch: 'amd64', os.version: '10.0', java.version: '1.8.0_333'
Driver info: org.openqa.selenium.chrome.ChromeDriver
Capabilities {acceptInsecureCerts: false, browserName: chrome, browserVersion: 107.0.5304.107, chrome: {chromedriverVersion: 107.0.5304.62 (1eec40d3a576..., userDataDir: C:\Users\KRISHS~1\AppData\L...}, goog:chromeOptions: {debuggerAddress: localhost:64341}, javascriptEnabled: true, networkConnectionEnabled: false, pageLoadStrategy: normal, platform: WINDOWS, platformName: WINDOWS, proxy: Proxy(), setWindowRect: true, strictFileInteractability: false, timeouts: {implicit: 0, pageLoad: 300000, script: 30000}, unhandledPromptBehavior: dismiss and notify, webauthn:extension:credBlob: true, webauthn:extension:largeBlob: true, webauthn:virtualAuthenticators: true}
Session ID: 9946397a7cd0de3c555f94feba2f2169
at sun.reflect.NativeConstructorAccessorImpl.newInstance0(Native Method)
at sun.reflect.NativeConstructorAccessorImpl.newInstance(NativeConstructorAccessorImpl.java:62)
at sun.reflect.DelegatingConstructorAccessorImpl.newInstance(DelegatingConstructorAccessorImpl.java:45)
at java.lang.reflect.Constructor.newInstance(Constructor.java:423)
at org.openqa.selenium.remote.http.W3CHttpResponseCodec.createException(W3CHttpResponseCodec.java:187)
at org.openqa.selenium.remote.http.W3CHttpResponseCodec.decode(W3CHttpResponseCodec.java:122)
at org.openqa.selenium.remote.http.W3CHttpResponseCodec.decode(W3CHttpResponseCodec.java:49)
at org.openqa.selenium.remote.HttpCommandExecutor.execute(HttpCommandExecutor.java:158)
at org.openqa.selenium.remote.service.DriverCommandExecutor.execute(DriverCommandExecutor.java:83)
at org.openqa.selenium.remote.RemoteWebDriver.execute(RemoteWebDriver.java:552)
at org.openqa.selenium.remote.RemoteWebDriver.perform(RemoteWebDriver.java:618)
at org.openqa.selenium.interactions.Actions$BuiltAction.perform(Actions.java:639)
at com.testng.practice.ActionsEx2.actionEx1(ActionsEx2.java:73)
at sun.reflect.NativeMethodAccessorImpl.invoke0(Native Method)
at sun.reflect.NativeMethodAccessorImpl.invoke(NativeMethodAccessorImpl.java:62)
at sun.reflect.DelegatingMethodAccessorImpl.invoke(DelegatingMethodAccessorImpl.java:43)
at java.lang.reflect.Method.invoke(Method.java:498)
at org.testng.internal.MethodInvocationHelper.invokeMethod(MethodInvocationHelper.java:124)
at org.testng.internal.Invoker.invokeMethod(Invoker.java:583)
at org.testng.internal.Invoker.invokeTestMethod(Invoker.java:719)
at org.testng.internal.Invoker.invokeTestMethods(Invoker.java:989)
at org.testng.internal.TestMethodWorker.invokeTestMethods(TestMethodWorker.java:125)
at org.testng.internal.TestMethodWorker.run(TestMethodWorker.java:109)
at java.util.concurrent.ThreadPoolExecutor.runWorker(ThreadPoolExecutor.java:1149)
at java.util.concurrent.ThreadPoolExecutor$Worker.run(ThreadPoolExecutor.java:624)
at java.lang.Thread.run(Thread.java:750)
]]>
            </full-stacktrace>
          </exception> <!-- org.openqa.selenium.ElementNotInteractableException -->
          <reporter-output>
          </reporter-output>
        </test-method> <!-- actionEx1 -->
        <test-method status="PASS" signature="closeBrowser()[pri:0, instance:com.testng.practice.ActionsEx2@24fcf36f]" name="closeBrowser" is-config="true" duration-ms="893" started-at="2022-11-15T15:07:40Z" finished-at="2022-11-15T15:07:41Z">
          <reporter-output>
          </reporter-output>
        </test-method> <!-- closeBrowser -->
        <test-method status="PASS" signature="launchBrowser(java.lang.String)[pri:0, instance:com.testng.practice.ActionsEx2@24fcf36f]" name="launchBrowser" is-config="true" duration-ms="1687" started-at="2022-11-15T15:07:41Z" finished-at="2022-11-15T15:07:43Z">
          <params>
            <param index="0">
              <value>
                <![CDATA[Chrome]]>
              </value>
            </param>
          </params>
          <reporter-output>
          </reporter-output>
        </test-method> <!-- launchBrowser -->
        <test-method status="PASS" signature="test()[pri:0, instance:com.testng.practice.ActionsEx2@24fcf36f]" name="test" duration-ms="5" started-at="2022-11-15T15:07:43Z" finished-at="2022-11-15T15:07:43Z">
          <reporter-output>
          </reporter-output>
        </test-method> <!-- test -->
        <test-method status="PASS" signature="closeBrowser()[pri:0, instance:com.testng.practice.ActionsEx2@24fcf36f]" name="closeBrowser" is-config="true" duration-ms="836" started-at="2022-11-15T15:07:43Z" finished-at="2022-11-15T15:07:43Z">
          <reporter-output>
          </reporter-output>
        </test-method> <!-- closeBrowser -->
        <test-method status="PASS" signature="closeReport()[pri:0, instance:com.testng.practice.ActionsEx2@24fcf36f]" name="closeReport" is-config="true" duration-ms="837" started-at="2022-11-15T15:07:43Z" finished-at="2022-11-15T15:07:44Z">
          <reporter-output>
          </reporter-output>
        </test-method> <!-- closeReport -->
      </class> <!-- com.testng.practice.ActionsEx2 -->
    </test> <!-- Test -->
  </suite> <!-- Suite -->
</testng-results>
